2026-03-01 14:40:07 - 开始搜索最新消息...
2026-03-01 14:40:22 - 已更新时间戳: 2026年03月01日 14:40 (GMT+8)
2026-03-01 14:41:52 - 推送失败
2026-03-01 15:00:01 - 开始搜索最新消息...
2026-03-01 15:00:16 - 已更新时间戳: 2026年03月01日 15:00 (GMT+8)
2026-03-01 15:00:19 - 推送失败
2026-03-01 15:08:57 - 开始搜索最新消息...
2026-03-01 15:09:15 - 已更新时间戳: 2026年03月01日 15:09 (GMT+8)
2026-03-01 15:11:01 - 推送失败
2026-03-01 15:44:47 - 开始搜索最新消息...
2026-03-01 15:45:05 - 已更新时间戳: 2026年03月01日 15:45 (GMT+8)
2026-03-01 15:45:10 - 已推送到 GitHub
2026-03-01 16:00:00 - 开始搜索最新消息...
2026-03-01 16:00:16 - 已更新时间戳: 2026年03月01日 16:00 (GMT+8)
2026-03-01 16:00:20 - 已推送到 GitHub
2026-03-01 17:00:00 - 开始搜索最新消息...
2026-03-01 17:00:15 - 已更新时间戳: 2026年03月01日 17:00 (GMT+8)
2026-03-01 17:00:19 - 已推送到 GitHub
2026-03-01 18:00:00 - 开始搜索最新消息...
2026-03-01 18:00:14 - 已更新时间戳: 2026年03月01日 18:00 (GMT+8)
2026-03-01 18:00:18 - 已推送到 GitHub
2026-03-01 19:00:00 - 开始搜索最新消息...
2026-03-01 19:00:00 - 搜索失败，跳过更新
2026-03-01 20:00:00 - 开始搜索最新消息...
2026-03-01 20:00:15 - 已更新时间戳: 2026年03月01日 20:00 (GMT+8)
2026-03-01 20:00:20 - 已推送到 GitHub
2026-03-01 21:00:01 - 开始搜索最新消息...
2026-03-01 21:00:14 - 已更新时间戳: 2026年03月01日 21:00 (GMT+8)
2026-03-01 21:00:18 - 已推送到 GitHub
2026-03-01 22:00:00 - 开始搜索最新消息...
2026-03-01 22:00:11 - 已更新时间戳: 2026年03月01日 22:00 (GMT+8)
2026-03-01 22:00:15 - 已推送到 GitHub
2026-03-01 23:00:00 - 开始搜索最新消息...
2026-03-01 23:00:13 - 已更新时间戳: 2026年03月01日 23:00 (GMT+8)
2026-03-01 23:00:18 - 已推送到 GitHub
2026-03-02 00:00:00 - 开始搜索最新消息...
2026-03-02 00:00:12 - 已更新时间戳: 2026年03月02日 00:00 (GMT+8)
2026-03-02 00:00:17 - 已推送到 GitHub
2026-03-02 01:00:00 - 开始搜索最新消息...
2026-03-02 01:00:16 - 已更新时间戳: 2026年03月02日 01:00 (GMT+8)
2026-03-02 01:00:21 - 已推送到 GitHub
2026-03-02 02:00:01 - 开始搜索最新消息...
2026-03-02 02:00:14 - 已更新时间戳: 2026年03月02日 02:00 (GMT+8)
2026-03-02 02:00:18 - 已推送到 GitHub
2026-03-02 03:00:00 - 开始搜索最新消息...
2026-03-02 03:00:12 - 已更新时间戳: 2026年03月02日 03:00 (GMT+8)
2026-03-02 03:00:17 - 已推送到 GitHub
2026-03-02 04:01:00 - 开始搜索最新消息...
2026-03-02 04:01:13 - 已更新时间戳: 2026年03月02日 04:01 (GMT+8)
2026-03-02 04:01:17 - 已推送到 GitHub
2026-03-02 05:00:01 - 开始搜索最新消息...
2026-03-02 05:00:16 - 已更新时间戳: 2026年03月02日 05:00 (GMT+8)
2026-03-02 05:00:20 - 已推送到 GitHub
2026-03-02 06:00:00 - 开始搜索最新消息...
2026-03-02 06:00:13 - 已更新时间戳: 2026年03月02日 06:00 (GMT+8)
2026-03-02 06:00:17 - 已推送到 GitHub
2026-03-02 08:00:00 - 开始搜索最新消息...
2026-03-02 08:00:15 - 已更新时间戳: 2026年03月02日 08:00 (GMT+8)
2026-03-02 08:00:19 - 已推送到 GitHub
2026-03-02 09:00:00 - 开始搜索最新消息...
2026-03-02 09:00:10 - 已更新时间戳: 2026年03月02日 09:00 (GMT+8)
2026-03-02 09:00:14 - 已推送到 GitHub
2026-03-02 10:00:00 - 开始搜索最新消息...
2026-03-02 10:00:12 - 已更新时间戳: 2026年03月02日 10:00 (GMT+8)
2026-03-02 10:00:16 - 已推送到 GitHub
2026-03-02 11:00:01 - 开始搜索最新消息...
2026-03-02 11:00:14 - 已更新时间戳: 2026年03月02日 11:00 (GMT+8)
2026-03-02 11:00:19 - 已推送到 GitHub
2026-03-02 12:00:00 - 开始搜索最新消息...
2026-03-02 12:00:13 - 已更新时间戳: 2026年03月02日 12:00 (GMT+8)
2026-03-02 12:00:18 - 已推送到 GitHub
2026-03-02 13:00:01 - 开始搜索最新消息...
2026-03-02 13:00:14 - 已更新时间戳: 2026年03月02日 13:00 (GMT+8)
2026-03-02 13:00:19 - 已推送到 GitHub
2026-03-02 14:00:00 - 开始搜索最新消息...
2026-03-02 14:00:17 - 已更新时间戳: 2026年03月02日 14:00 (GMT+8)
2026-03-02 14:00:21 - 已推送到 GitHub
2026-03-02 15:00:00 - 开始搜索最新消息...
2026-03-02 15:00:15 - 已更新时间戳: 2026年03月02日 15:00 (GMT+8)
2026-03-02 16:58:43 - 开始搜索最新消息...
2026-03-02 16:58:56 - 已更新时间戳: 2026年03月02日 16:58 (GMT+8)
2026-03-02 16:59:01 - 已推送到 GitHub
2026-03-02 17:00:00 - 开始搜索最新消息...
2026-03-02 17:00:15 - 已更新时间戳: 2026年03月02日 17:00 (GMT+8)
2026-03-02 17:00:19 - 已推送到 GitHub
2026-03-02 18:00:00 - 开始搜索最新消息...
2026-03-02 18:00:14 - 已更新时间戳: 2026年03月02日 18:00 (GMT+8)
2026-03-02 18:00:20 - 已推送到 GitHub
2026-03-02 19:03:22 - 开始搜索最新消息...
2026-03-02 19:03:37 - 已更新时间戳: 2026年03月02日 19:03 (GMT+8)
2026-03-02 19:03:41 - 已推送到 GitHub
2026-03-02 20:03:18 - 开始搜索最新消息...
2026-03-02 20:03:38 - 已更新时间戳: 2026年03月02日 20:03 (GMT+8)
2026-03-02 20:03:44 - 已推送到 GitHub
2026-03-02 21:03:28 - 开始搜索最新消息...
2026-03-02 21:03:43 - 已更新时间戳: 2026年03月02日 21:03 (GMT+8)
2026-03-02 21:03:48 - 已推送到 GitHub
2026-03-02 22:03:16 - 开始搜索最新消息...
2026-03-02 22:03:27 - 已更新时间戳: 2026年03月02日 22:03 (GMT+8)
2026-03-02 22:03:32 - 已推送到 GitHub
2026-03-02 23:03:17 - 开始搜索最新消息...
2026-03-02 23:03:40 - 已更新时间戳: 2026年03月02日 23:03 (GMT+8)
2026-03-02 23:03:46 - 已推送到 GitHub
2026-03-03 00:03:17 - 开始搜索最新消息...
2026-03-03 00:03:28 - 已更新时间戳: 2026年03月03日 00:03 (GMT+8)
2026-03-03 00:03:32 - 已推送到 GitHub
2026-03-03 01:03:16 - 开始搜索最新消息...
2026-03-03 01:03:28 - 已更新时间戳: 2026年03月03日 01:03 (GMT+8)
2026-03-03 01:03:33 - 已推送到 GitHub
2026-03-03 02:05:09 - 开始搜索最新消息...
2026-03-03 02:05:20 - 已更新时间戳: 2026年03月03日 02:05 (GMT+8)
2026-03-03 02:05:24 - 已推送到 GitHub
2026-03-03 03:10:02 - 开始搜索最新消息...
2026-03-03 03:10:20 - 已更新时间戳: 2026年03月03日 03:10 (GMT+8)
2026-03-03 03:10:24 - 已推送到 GitHub
2026-03-03 04:22:31 - 开始搜索最新消息...
2026-03-03 04:22:45 - 已更新时间戳: 2026年03月03日 04:22 (GMT+8)
